<?xml version="1.0" encoding="UTF-8"?>
<testng-results ignored="0" total="2" passed="2" failed="0" skipped="0">
  <reporter-output>
    <line>
      <![CDATA[LambdaTest Launch...]]>
    </line>
    <line>
      <![CDATA[LambdaTest Launch...]]>
    </line>
  </reporter-output>
  <suite started-at="2022-03-06T20:47:52 IST" name="Parallel Testing Suite" finished-at="2022-03-06T20:48:20 IST" duration-ms="27452">
    <groups>
    </groups>
    <test started-at="2022-03-06T20:47:52 IST" name="Parallel Tests" finished-at="2022-03-06T20:48:20 IST" duration-ms="27452">
      <class name="lambdaTest.LambdaChromeTest">
        <test-method is-config="true" signature="launchbrowser()[pri:0, instance:lambdaTest.LambdaChromeTest@53aac487]" started-at="2022-03-06T20:47:52 IST" name="launchbrowser" finished-at="2022-03-06T20:47:57 IST" duration-ms="5057" status="PASS">
          <reporter-output>
            <line>
              <![CDATA[LambdaTest Launch...]]>
            </line>
          </reporter-output>
        </test-method> <!-- launchbrowser -->
        <test-method signature="lambdaTest()[pri:0, instance:lambdaTest.LambdaChromeTest@53aac487]" started-at="2022-03-06T20:48:13 IST" name="lambdaTest" finished-at="2022-03-06T20:48:19 IST" duration-ms="6838" status="PASS">
          <reporter-output>
          </reporter-output>
        </test-method> <!-- lambdaTest -->
        <test-method is-config="true" signature="closeBrowser()[pri:0, instance:lambdaTest.LambdaChromeTest@53aac487]" started-at="2022-03-06T20:48:20 IST" name="closeBrowser" finished-at="2022-03-06T20:48:20 IST" duration-ms="1" status="PASS">
          <reporter-output>
          </reporter-output>
        </test-method> <!-- closeBrowser -->
      </class> <!-- lambdaTest.LambdaChromeTest -->
      <class name="lambdaTest.LambdaFirefoxTest">
        <test-method is-config="true" signature="launchbrowser()[pri:0, instance:lambdaTest.LambdaFirefoxTest@242b836]" started-at="2022-03-06T20:47:57 IST" name="launchbrowser" finished-at="2022-03-06T20:48:12 IST" duration-ms="15056" status="PASS">
          <reporter-output>
            <line>
              <![CDATA[LambdaTest Launch...]]>
            </line>
          </reporter-output>
        </test-method> <!-- launchbrowser -->
        <test-method signature="lambdaTest()[pri:0, instance:lambdaTest.LambdaFirefoxTest@242b836]" started-at="2022-03-06T20:48:13 IST" name="lambdaTest" finished-at="2022-03-06T20:48:20 IST" duration-ms="7238" status="PASS">
          <reporter-output>
          </reporter-output>
        </test-method> <!-- lambdaTest -->
        <test-method is-config="true" signature="closeBrowser()[pri:0, instance:lambdaTest.LambdaFirefoxTest@242b836]" started-at="2022-03-06T20:48:20 IST" name="closeBrowser" finished-at="2022-03-06T20:48:20 IST" duration-ms="1" status="PASS">
          <reporter-output>
          </reporter-output>
        </test-method> <!-- closeBrowser -->
      </class> <!-- lambdaTest.LambdaFirefoxTest -->
    </test> <!-- Parallel Tests -->
  </suite> <!-- Parallel Testing Suite -->
</testng-results>
